Command line:
   ALU_isim_beh.exe
     -simmode  gui
     -simrunnum  0
     -socket  49174

Wed Jun 03 14:38:06 2020


 Elaboration Time: 0.171875 sec

 Current Memory Usage: 987.714 Meg

 Total Signals          : 17
 Total Nets             : 115
 Total Signal Drivers   : 6
 Total Blocks           : 2
 Total Primitive Blocks : 2
 Total Processes        : 7
 Total Traceable Variables  : 32
 Total Scalar Nets and Variables : 305
Total Line Count : 15

 Total Simulation Time: 0.171875 sec

 Current Memory Usage: 987.714 Meg

Wed Jun 03 14:38:24 2020

