Command line:
   ALU_isim_beh.exe
     -simmode  gui
     -simrunnum  1
     -socket  49161

Mon Feb 24 06:58:56 2020


 Elaboration Time: 0.171875 sec

 Current Memory Usage: 1143 Meg

 Total Signals          : 17
 Total Nets             : 115
 Total Signal Drivers   : 6
 Total Blocks           : 2
 Total Primitive Blocks : 2
 Total Processes        : 7
 Total Traceable Variables  : 32
 Total Scalar Nets and Variables : 305
Total Line Count : 15

 Total Simulation Time: 0.34375 sec

 Current Memory Usage: 1301.32 Meg

Mon Feb 24 06:59:39 2020

